This file contains any messages produced by compilers while
running configure, to aid debugging if configure makes a mistake.

It was created by Rogue configure 5.4.4, which was
generated by GNU Autoconf 2.61.  Invocation command line was

  $ ./configure 

## --------- ##
## Platform. ##
## --------- ##

hostname = cormac-ThinkPad-X1-Carbon-6th
uname -m = x86_64
uname -r = 5.4.0-125-generic
uname -s = Linux
uname -v = #141-Ubuntu SMP Wed Aug 10 13:42:03 UTC 2022

/usr/bin/uname -p = unknown
/bin/uname -X     = unknown

/bin/arch              = unknown
/usr/bin/arch -k       = unknown
/usr/convex/getsysinfo = unknown
/usr/bin/hostinfo      = unknown
/bin/machine           = unknown
/usr/bin/oslevel       = unknown
/bin/universe          = unknown

PATH: /home/cormac/.rbenv/shims
PATH: /home/cormac/.rbenv/bin
PATH: /home/cormac/.rbenv/shims
PATH: /home/cormac/.rbenv/bin
PATH: /home/cormac/.local/bin
PATH: /usr/local/sbin
PATH: /usr/local/bin
PATH: /usr/sbin
PATH: /usr/bin
PATH: /sbin
PATH: /bin
PATH: /usr/games
PATH: /usr/local/games
PATH: /snap/bin
PATH: /usr/lib/jvm/java-8-oracle/bin
PATH: /usr/lib/jvm/java-8-oracle/db/bin
PATH: /usr/lib/jvm/java-8-oracle/jre/bin


## ----------- ##
## Core tests. ##
## ----------- ##

configure:1781: checking build system type
configure:1799: result: x86_64-unknown-linux-gnu
configure:1821: checking host system type
configure:1836: result: x86_64-unknown-linux-gnu
configure:1858: checking target system type
configure:1873: result: x86_64-unknown-linux-gnu
configure:1951: checking for gcc
configure:1967: found /usr/bin/gcc
configure:1978: result: gcc
configure:2216: checking for C compiler version
configure:2223: gcc --version >&5
gcc (Ubuntu 9.4.0-1ubuntu1~20.04.1) 9.4.0
Copyright (C) 2019 Free Software Foundation, Inc.
This is free software; see the source for copying conditions.  There is NO
warranty; not even for MERCHANTABILITY or FITNESS FOR A PARTICULAR PURPOSE.

configure:2226: $? = 0
configure:2233: gcc -v >&5
Using built-in specs.
COLLECT_GCC=gcc
COLLECT_LTO_WRAPPER=/usr/lib/gcc/x86_64-linux-gnu/9/lto-wrapper
OFFLOAD_TARGET_NAMES=nvptx-none:hsa
OFFLOAD_TARGET_DEFAULT=1
Target: x86_64-linux-gnu
Configured with: ../src/configure -v --with-pkgversion='Ubuntu 9.4.0-1ubuntu1~20.04.1' --with-bugurl=file:///usr/share/doc/gcc-9/README.Bugs --enable-languages=c,ada,c++,go,brig,d,fortran,objc,obj-c++,gm2 --prefix=/usr --with-gcc-major-version-only --program-suffix=-9 --program-prefix=x86_64-linux-gnu- --enable-shared --enable-linker-build-id --libexecdir=/usr/lib --without-included-gettext --enable-threads=posix --libdir=/usr/lib --enable-nls --enable-clocale=gnu --enable-libstdcxx-debug --enable-libstdcxx-time=yes --with-default-libstdcxx-abi=new --enable-gnu-unique-object --disable-vtable-verify --enable-plugin --enable-default-pie --with-system-zlib --with-target-system-zlib=auto --enable-objc-gc=auto --enable-multiarch --disable-werror --with-arch-32=i686 --with-abi=m64 --with-multilib-list=m32,m64,mx32 --enable-multilib --with-tune=generic --enable-offload-targets=nvptx-none=/build/gcc-9-Av3uEd/gcc-9-9.4.0/debian/tmp-nvptx/usr,hsa --without-cuda-driver --enable-checking=release --build=x86_64-linux-gnu --host=x86_64-linux-gnu --target=x86_64-linux-gnu
Thread model: posix
gcc version 9.4.0 (Ubuntu 9.4.0-1ubuntu1~20.04.1) 
configure:2236: $? = 0
configure:2243: gcc -V >&5
gcc: error: unrecognized command line option '-V'
gcc: fatal error: no input files
compilation terminated.
configure:2246: $? = 1
configure:2269: checking for C compiler default output file name
configure:2296: gcc    conftest.c  >&5
configure:2299: $? = 0
configure:2337: result: a.out
configure:2354: checking whether the C compiler works
configure:2364: ./a.out
configure:2367: $? = 0
configure:2384: result: yes
configure:2391: checking whether we are cross compiling
configure:2393: result: no
configure:2396: checking for suffix of executables
configure:2403: gcc -o conftest    conftest.c  >&5
configure:2406: $? = 0
configure:2430: result: 
configure:2436: checking for suffix of object files
configure:2462: gcc -c   conftest.c >&5
configure:2465: $? = 0
configure:2488: result: o
configure:2492: checking whether we are using the GNU C compiler
configure:2521: gcc -c   conftest.c >&5
configure:2527: $? = 0
configure:2544: result: yes
configure:2549: checking whether gcc accepts -g
configure:2579: gcc -c -g  conftest.c >&5
configure:2585: $? = 0
configure:2684: result: yes
configure:2701: checking for gcc option to accept ISO C89
configure:2775: gcc  -c -g -O2  conftest.c >&5
configure:2781: $? = 0
configure:2804: result: none needed
configure:2832: checking how to run the C preprocessor
configure:2872: gcc -E  conftest.c
configure:2878: $? = 0
configure:2909: gcc -E  conftest.c
conftest.c:8:10: fatal error: ac_nonexistent.h: No such file or directory
    8 | #include <ac_nonexistent.h>
      |          ^~~~~~~~~~~~~~~~~~
compilation terminated.
configure:2915: $? = 1
configure: failed program was:
| /* confdefs.h.  */
| #define PACKAGE_NAME "Rogue"
| #define PACKAGE_TARNAME "rogue"
| #define PACKAGE_VERSION "5.4.4"
| #define PACKAGE_STRING "Rogue 5.4.4"
| #define PACKAGE_BUGREPORT "yendor@rogueforge.net"
| /* end confdefs.h.  */
| #include <ac_nonexistent.h>
configure:2948: result: gcc -E
configure:2977: gcc -E  conftest.c
configure:2983: $? = 0
configure:3014: gcc -E  conftest.c
conftest.c:8:10: fatal error: ac_nonexistent.h: No such file or directory
    8 | #include <ac_nonexistent.h>
      |          ^~~~~~~~~~~~~~~~~~
compilation terminated.
configure:3020: $? = 1
configure: failed program was:
| /* confdefs.h.  */
| #define PACKAGE_NAME "Rogue"
| #define PACKAGE_TARNAME "rogue"
| #define PACKAGE_VERSION "5.4.4"
| #define PACKAGE_STRING "Rogue 5.4.4"
| #define PACKAGE_BUGREPORT "yendor@rogueforge.net"
| /* end confdefs.h.  */
| #include <ac_nonexistent.h>
configure:3058: checking for grep that handles long lines and -e
configure:3132: result: /bin/grep
configure:3137: checking for egrep
configure:3215: result: /bin/grep -E
configure:3220: checking for ANSI C header files
configure:3250: gcc -c -g -O2  conftest.c >&5
configure:3256: $? = 0
configure:3355: gcc -o conftest -g -O2   conftest.c  >&5
configure:3358: $? = 0
configure:3364: ./conftest
configure:3367: $? = 0
configure:3384: result: yes
configure:3408: checking for sys/types.h
configure:3429: gcc -c -g -O2  conftest.c >&5
configure:3435: $? = 0
configure:3451: result: yes
configure:3408: checking for sys/stat.h
configure:3429: gcc -c -g -O2  conftest.c >&5
configure:3435: $? = 0
configure:3451: result: yes
configure:3408: checking for stdlib.h
configure:3429: gcc -c -g -O2  conftest.c >&5
configure:3435: $? = 0
configure:3451: result: yes
configure:3408: checking for string.h
configure:3429: gcc -c -g -O2  conftest.c >&5
configure:3435: $? = 0
configure:3451: result: yes
configure:3408: checking for memory.h
configure:3429: gcc -c -g -O2  conftest.c >&5
configure:3435: $? = 0
configure:3451: result: yes
configure:3408: checking for strings.h
configure:3429: gcc -c -g -O2  conftest.c >&5
configure:3435: $? = 0
configure:3451: result: yes
configure:3408: checking for inttypes.h
configure:3429: gcc -c -g -O2  conftest.c >&5
configure:3435: $? = 0
configure:3451: result: yes
configure:3408: checking for stdint.h
configure:3429: gcc -c -g -O2  conftest.c >&5
configure:3435: $? = 0
configure:3451: result: yes
configure:3408: checking for unistd.h
configure:3429: gcc -c -g -O2  conftest.c >&5
configure:3435: $? = 0
configure:3451: result: yes
configure:3492: checking arpa/inet.h usability
configure:3509: gcc -c -g -O2  conftest.c >&5
configure:3515: $? = 0
configure:3529: result: yes
configure:3533: checking arpa/inet.h presence
configure:3548: gcc -E  conftest.c
configure:3554: $? = 0
configure:3568: result: yes
configure:3601: checking for arpa/inet.h
configure:3609: result: yes
configure:3492: checking sys/utsname.h usability
configure:3509: gcc -c -g -O2  conftest.c >&5
configure:3515: $? = 0
configure:3529: result: yes
configure:3533: checking sys/utsname.h presence
configure:3548: gcc -E  conftest.c
configure:3554: $? = 0
configure:3568: result: yes
configure:3601: checking for sys/utsname.h
configure:3609: result: yes
configure:3492: checking pwd.h usability
configure:3509: gcc -c -g -O2  conftest.c >&5
configure:3515: $? = 0
configure:3529: result: yes
configure:3533: checking pwd.h presence
configure:3548: gcc -E  conftest.c
configure:3554: $? = 0
configure:3568: result: yes
configure:3601: checking for pwd.h
configure:3609: result: yes
configure:3492: checking fcntl.h usability
configure:3509: gcc -c -g -O2  conftest.c >&5
configure:3515: $? = 0
configure:3529: result: yes
configure:3533: checking fcntl.h presence
configure:3548: gcc -E  conftest.c
configure:3554: $? = 0
configure:3568: result: yes
configure:3601: checking for fcntl.h
configure:3609: result: yes
configure:3492: checking limits.h usability
configure:3509: gcc -c -g -O2  conftest.c >&5
configure:3515: $? = 0
configure:3529: result: yes
configure:3533: checking limits.h presence
configure:3548: gcc -E  conftest.c
configure:3554: $? = 0
configure:3568: result: yes
configure:3601: checking for limits.h
configure:3609: result: yes
configure:3492: checking nlist.h usability
configure:3509: gcc -c -g -O2  conftest.c >&5
conftest.c:56:10: fatal error: nlist.h: No such file or directory
   56 | #include <nlist.h>
      |          ^~~~~~~~~
compilation terminated.
configure:3515: $? = 1
configure: failed program was:
| /* confdefs.h.  */
| #define PACKAGE_NAME "Rogue"
| #define PACKAGE_TARNAME "rogue"
| #define PACKAGE_VERSION "5.4.4"
| #define PACKAGE_STRING "Rogue 5.4.4"
| #define PACKAGE_BUGREPORT "yendor@rogueforge.net"
| #define STDC_HEADERS 1
| #define HAVE_SYS_TYPES_H 1
| #define HAVE_SYS_STAT_H 1
| #define HAVE_STDLIB_H 1
| #define HAVE_STRING_H 1
| #define HAVE_MEMORY_H 1
| #define HAVE_STRINGS_H 1
| #define HAVE_INTTYPES_H 1
| #define HAVE_STDINT_H 1
| #define HAVE_UNISTD_H 1
| #define HAVE_ARPA_INET_H 1
| #define HAVE_SYS_UTSNAME_H 1
| #define HAVE_PWD_H 1
| #define HAVE_FCNTL_H 1
| #define HAVE_LIMITS_H 1
| /* end confdefs.h.  */
| #include <stdio.h>
| #ifdef HAVE_SYS_TYPES_H
| # include <sys/types.h>
| #endif
| #ifdef HAVE_SYS_STAT_H
| # include <sys/stat.h>
| #endif
| #ifdef STDC_HEADERS
| # include <stdlib.h>
| # include <stddef.h>
| #else
| # ifdef HAVE_STDLIB_H
| #  include <stdlib.h>
| # endif
| #endif
| #ifdef HAVE_STRING_H
| # if !defined STDC_HEADERS && defined HAVE_MEMORY_H
| #  include <memory.h>
| # endif
| # include <string.h>
| #endif
| #ifdef HAVE_STRINGS_H
| # include <strings.h>
| #endif
| #ifdef HAVE_INTTYPES_H
| # include <inttypes.h>
| #endif
| #ifdef HAVE_STDINT_H
| # include <stdint.h>
| #endif
| #ifdef HAVE_UNISTD_H
| # include <unistd.h>
| #endif
| #include <nlist.h>
configure:3529: result: no
configure:3533: checking nlist.h presence
configure:3548: gcc -E  conftest.c
conftest.c:23:10: fatal error: nlist.h: No such file or directory
   23 | #include <nlist.h>
      |          ^~~~~~~~~
compilation terminated.
configure:3554: $? = 1
configure: failed program was:
| /* confdefs.h.  */
| #define PACKAGE_NAME "Rogue"
| #define PACKAGE_TARNAME "rogue"
| #define PACKAGE_VERSION "5.4.4"
| #define PACKAGE_STRING "Rogue 5.4.4"
| #define PACKAGE_BUGREPORT "yendor@rogueforge.net"
| #define STDC_HEADERS 1
| #define HAVE_SYS_TYPES_H 1
| #define HAVE_SYS_STAT_H 1
| #define HAVE_STDLIB_H 1
| #define HAVE_STRING_H 1
| #define HAVE_MEMORY_H 1
| #define HAVE_STRINGS_H 1
| #define HAVE_INTTYPES_H 1
| #define HAVE_STDINT_H 1
| #define HAVE_UNISTD_H 1
| #define HAVE_ARPA_INET_H 1
| #define HAVE_SYS_UTSNAME_H 1
| #define HAVE_PWD_H 1
| #define HAVE_FCNTL_H 1
| #define HAVE_LIMITS_H 1
| /* end confdefs.h.  */
| #include <nlist.h>
configure:3568: result: no
configure:3601: checking for nlist.h
configure:3609: result: no
configure:3482: checking for stdlib.h
configure:3488: result: yes
configure:3482: checking for string.h
configure:3488: result: yes
configure:3492: checking sys/ioctl.h usability
configure:3509: gcc -c -g -O2  conftest.c >&5
configure:3515: $? = 0
configure:3529: result: yes
configure:3533: checking sys/ioctl.h presence
configure:3548: gcc -E  conftest.c
configure:3554: $? = 0
configure:3568: result: yes
configure:3601: checking for sys/ioctl.h
configure:3609: result: yes
configure:3492: checking termios.h usability
configure:3509: gcc -c -g -O2  conftest.c >&5
configure:3515: $? = 0
configure:3529: result: yes
configure:3533: checking termios.h presence
configure:3548: gcc -E  conftest.c
configure:3554: $? = 0
configure:3568: result: yes
configure:3601: checking for termios.h
configure:3609: result: yes
configure:3482: checking for unistd.h
configure:3488: result: yes
configure:3492: checking utmp.h usability
configure:3509: gcc -c -g -O2  conftest.c >&5
configure:3515: $? = 0
configure:3529: result: yes
configure:3533: checking utmp.h presence
configure:3548: gcc -E  conftest.c
configure:3554: $? = 0
configure:3568: result: yes
configure:3601: checking for utmp.h
configure:3609: result: yes
configure:3492: checking term.h usability
configure:3509: gcc -c -g -O2  conftest.c >&5
configure:3515: $? = 0
configure:3529: result: yes
configure:3533: checking term.h presence
configure:3548: gcc -E  conftest.c
configure:3554: $? = 0
configure:3568: result: yes
configure:3601: checking for term.h
configure:3609: result: yes
configure:3492: checking ncurses/term.h usability
configure:3509: gcc -c -g -O2  conftest.c >&5
conftest.c:63:10: fatal error: ncurses/term.h: No such file or directory
   63 | #include <ncurses/term.h>
      |          ^~~~~~~~~~~~~~~~
compilation terminated.
configure:3515: $? = 1
configure: failed program was:
| /* confdefs.h.  */
| #define PACKAGE_NAME "Rogue"
| #define PACKAGE_TARNAME "rogue"
| #define PACKAGE_VERSION "5.4.4"
| #define PACKAGE_STRING "Rogue 5.4.4"
| #define PACKAGE_BUGREPORT "yendor@rogueforge.net"
| #define STDC_HEADERS 1
| #define HAVE_SYS_TYPES_H 1
| #define HAVE_SYS_STAT_H 1
| #define HAVE_STDLIB_H 1
| #define HAVE_STRING_H 1
| #define HAVE_MEMORY_H 1
| #define HAVE_STRINGS_H 1
| #define HAVE_INTTYPES_H 1
| #define HAVE_STDINT_H 1
| #define HAVE_UNISTD_H 1
| #define HAVE_ARPA_INET_H 1
| #define HAVE_SYS_UTSNAME_H 1
| #define HAVE_PWD_H 1
| #define HAVE_FCNTL_H 1
| #define HAVE_LIMITS_H 1
| #define HAVE_STDLIB_H 1
| #define HAVE_STRING_H 1
| #define HAVE_SYS_IOCTL_H 1
| #define HAVE_TERMIOS_H 1
| #define HAVE_UNISTD_H 1
| #define HAVE_UTMP_H 1
| #define HAVE_TERM_H 1
| /* end confdefs.h.  */
| #include <stdio.h>
| #ifdef HAVE_SYS_TYPES_H
| # include <sys/types.h>
| #endif
| #ifdef HAVE_SYS_STAT_H
| # include <sys/stat.h>
| #endif
| #ifdef STDC_HEADERS
| # include <stdlib.h>
| # include <stddef.h>
| #else
| # ifdef HAVE_STDLIB_H
| #  include <stdlib.h>
| # endif
| #endif
| #ifdef HAVE_STRING_H
| # if !defined STDC_HEADERS && defined HAVE_MEMORY_H
| #  include <memory.h>
| # endif
| # include <string.h>
| #endif
| #ifdef HAVE_STRINGS_H
| # include <strings.h>
| #endif
| #ifdef HAVE_INTTYPES_H
| # include <inttypes.h>
| #endif
| #ifdef HAVE_STDINT_H
| # include <stdint.h>
| #endif
| #ifdef HAVE_UNISTD_H
| # include <unistd.h>
| #endif
| #include <ncurses/term.h>
configure:3529: result: no
configure:3533: checking ncurses/term.h presence
configure:3548: gcc -E  conftest.c
conftest.c:30:10: fatal error: ncurses/term.h: No such file or directory
   30 | #include <ncurses/term.h>
      |          ^~~~~~~~~~~~~~~~
compilation terminated.
configure:3554: $? = 1
configure: failed program was:
| /* confdefs.h.  */
| #define PACKAGE_NAME "Rogue"
| #define PACKAGE_TARNAME "rogue"
| #define PACKAGE_VERSION "5.4.4"
| #define PACKAGE_STRING "Rogue 5.4.4"
| #define PACKAGE_BUGREPORT "yendor@rogueforge.net"
| #define STDC_HEADERS 1
| #define HAVE_SYS_TYPES_H 1
| #define HAVE_SYS_STAT_H 1
| #define HAVE_STDLIB_H 1
| #define HAVE_STRING_H 1
| #define HAVE_MEMORY_H 1
| #define HAVE_STRINGS_H 1
| #define HAVE_INTTYPES_H 1
| #define HAVE_STDINT_H 1
| #define HAVE_UNISTD_H 1
| #define HAVE_ARPA_INET_H 1
| #define HAVE_SYS_UTSNAME_H 1
| #define HAVE_PWD_H 1
| #define HAVE_FCNTL_H 1
| #define HAVE_LIMITS_H 1
| #define HAVE_STDLIB_H 1
| #define HAVE_STRING_H 1
| #define HAVE_SYS_IOCTL_H 1
| #define HAVE_TERMIOS_H 1
| #define HAVE_UNISTD_H 1
| #define HAVE_UTMP_H 1
| #define HAVE_TERM_H 1
| /* end confdefs.h.  */
| #include <ncurses/term.h>
configure:3568: result: no
configure:3601: checking for ncurses/term.h
configure:3609: result: no
configure:3492: checking process.h usability
configure:3509: gcc -c -g -O2  conftest.c >&5
conftest.c:63:10: fatal error: process.h: No such file or directory
   63 | #include <process.h>
      |          ^~~~~~~~~~~
compilation terminated.
configure:3515: $? = 1
configure: failed program was:
| /* confdefs.h.  */
| #define PACKAGE_NAME "Rogue"
| #define PACKAGE_TARNAME "rogue"
| #define PACKAGE_VERSION "5.4.4"
| #define PACKAGE_STRING "Rogue 5.4.4"
| #define PACKAGE_BUGREPORT "yendor@rogueforge.net"
| #define STDC_HEADERS 1
| #define HAVE_SYS_TYPES_H 1
| #define HAVE_SYS_STAT_H 1
| #define HAVE_STDLIB_H 1
| #define HAVE_STRING_H 1
| #define HAVE_MEMORY_H 1
| #define HAVE_STRINGS_H 1
| #define HAVE_INTTYPES_H 1
| #define HAVE_STDINT_H 1
| #define HAVE_UNISTD_H 1
| #define HAVE_ARPA_INET_H 1
| #define HAVE_SYS_UTSNAME_H 1
| #define HAVE_PWD_H 1
| #define HAVE_FCNTL_H 1
| #define HAVE_LIMITS_H 1
| #define HAVE_STDLIB_H 1
| #define HAVE_STRING_H 1
| #define HAVE_SYS_IOCTL_H 1
| #define HAVE_TERMIOS_H 1
| #define HAVE_UNISTD_H 1
| #define HAVE_UTMP_H 1
| #define HAVE_TERM_H 1
| /* end confdefs.h.  */
| #include <stdio.h>
| #ifdef HAVE_SYS_TYPES_H
| # include <sys/types.h>
| #endif
| #ifdef HAVE_SYS_STAT_H
| # include <sys/stat.h>
| #endif
| #ifdef STDC_HEADERS
| # include <stdlib.h>
| # include <stddef.h>
| #else
| # ifdef HAVE_STDLIB_H
| #  include <stdlib.h>
| # endif
| #endif
| #ifdef HAVE_STRING_H
| # if !defined STDC_HEADERS && defined HAVE_MEMORY_H
| #  include <memory.h>
| # endif
| # include <string.h>
| #endif
| #ifdef HAVE_STRINGS_H
| # include <strings.h>
| #endif
| #ifdef HAVE_INTTYPES_H
| # include <inttypes.h>
| #endif
| #ifdef HAVE_STDINT_H
| # include <stdint.h>
| #endif
| #ifdef HAVE_UNISTD_H
| # include <unistd.h>
| #endif
| #include <process.h>
configure:3529: result: no
configure:3533: checking process.h presence
configure:3548: gcc -E  conftest.c
conftest.c:30:10: fatal error: process.h: No such file or directory
   30 | #include <process.h>
      |          ^~~~~~~~~~~
compilation terminated.
configure:3554: $? = 1
configure: failed program was:
| /* confdefs.h.  */
| #define PACKAGE_NAME "Rogue"
| #define PACKAGE_TARNAME "rogue"
| #define PACKAGE_VERSION "5.4.4"
| #define PACKAGE_STRING "Rogue 5.4.4"
| #define PACKAGE_BUGREPORT "yendor@rogueforge.net"
| #define STDC_HEADERS 1
| #define HAVE_SYS_TYPES_H 1
| #define HAVE_SYS_STAT_H 1
| #define HAVE_STDLIB_H 1
| #define HAVE_STRING_H 1
| #define HAVE_MEMORY_H 1
| #define HAVE_STRINGS_H 1
| #define HAVE_INTTYPES_H 1
| #define HAVE_STDINT_H 1
| #define HAVE_UNISTD_H 1
| #define HAVE_ARPA_INET_H 1
| #define HAVE_SYS_UTSNAME_H 1
| #define HAVE_PWD_H 1
| #define HAVE_FCNTL_H 1
| #define HAVE_LIMITS_H 1
| #define HAVE_STDLIB_H 1
| #define HAVE_STRING_H 1
| #define HAVE_SYS_IOCTL_H 1
| #define HAVE_TERMIOS_H 1
| #define HAVE_UNISTD_H 1
| #define HAVE_UTMP_H 1
| #define HAVE_TERM_H 1
| /* end confdefs.h.  */
| #include <process.h>
configure:3568: result: no
configure:3601: checking for process.h
configure:3609: result: no
configure:3624: checking for stdbool.h that conforms to C99
configure:3717: gcc -c -g -O2  conftest.c >&5
configure:3723: $? = 0
configure:3738: result: yes
configure:3740: checking for _Bool
configure:3770: gcc -c -g -O2  conftest.c >&5
configure:3776: $? = 0
configure:3791: result: yes
configure:3810: checking for an ANSI C-conforming const
configure:3885: gcc -c -g -O2  conftest.c >&5
configure:3891: $? = 0
configure:3906: result: yes
configure:3916: checking for uid_t in sys/types.h
configure:3939: result: yes
configure:3954: checking for size_t
configure:3984: gcc -c -g -O2  conftest.c >&5
configure:3990: $? = 0
configure:4005: result: yes
configure:4017: checking whether struct tm is in sys/time.h or time.h
configure:4047: gcc -c -g -O2  conftest.c >&5
configure:4053: $? = 0
configure:4068: result: time.h
configure:4088: checking for working curses
configure:4115: gcc -o conftest -g -O2   conftest.c  -lcurses >&5
configure:4121: $? = 0
configure:4138: result: yes
configure:4428: checking for ESCDELAY variable
configure:4457: gcc -o conftest -g -O2   conftest.c  -lcurses >&5
configure:4463: $? = 0
configure:4481: result: yes
configure:4495: checking for pid_t
configure:4525: gcc -c -g -O2  conftest.c >&5
configure:4531: $? = 0
configure:4546: result: yes
configure:4573: checking vfork.h usability
configure:4590: gcc -c -g -O2  conftest.c >&5
conftest.c:67:10: fatal error: vfork.h: No such file or directory
   67 | #include <vfork.h>
      |          ^~~~~~~~~
compilation terminated.
configure:4596: $? = 1
configure: failed program was:
| /* confdefs.h.  */
| #define PACKAGE_NAME "Rogue"
| #define PACKAGE_TARNAME "rogue"
| #define PACKAGE_VERSION "5.4.4"
| #define PACKAGE_STRING "Rogue 5.4.4"
| #define PACKAGE_BUGREPORT "yendor@rogueforge.net"
| #define STDC_HEADERS 1
| #define HAVE_SYS_TYPES_H 1
| #define HAVE_SYS_STAT_H 1
| #define HAVE_STDLIB_H 1
| #define HAVE_STRING_H 1
| #define HAVE_MEMORY_H 1
| #define HAVE_STRINGS_H 1
| #define HAVE_INTTYPES_H 1
| #define HAVE_STDINT_H 1
| #define HAVE_UNISTD_H 1
| #define HAVE_ARPA_INET_H 1
| #define HAVE_SYS_UTSNAME_H 1
| #define HAVE_PWD_H 1
| #define HAVE_FCNTL_H 1
| #define HAVE_LIMITS_H 1
| #define HAVE_STDLIB_H 1
| #define HAVE_STRING_H 1
| #define HAVE_SYS_IOCTL_H 1
| #define HAVE_TERMIOS_H 1
| #define HAVE_UNISTD_H 1
| #define HAVE_UTMP_H 1
| #define HAVE_TERM_H 1
| #define HAVE__BOOL 1
| #define HAVE_STDBOOL_H 1
| #define HAVE_CURSES_H 1
| #define HAVE_ESCDELAY 1
| /* end confdefs.h.  */
| #include <stdio.h>
| #ifdef HAVE_SYS_TYPES_H
| # include <sys/types.h>
| #endif
| #ifdef HAVE_SYS_STAT_H
| # include <sys/stat.h>
| #endif
| #ifdef STDC_HEADERS
| # include <stdlib.h>
| # include <stddef.h>
| #else
| # ifdef HAVE_STDLIB_H
| #  include <stdlib.h>
| # endif
| #endif
| #ifdef HAVE_STRING_H
| # if !defined STDC_HEADERS && defined HAVE_MEMORY_H
| #  include <memory.h>
| # endif
| # include <string.h>
| #endif
| #ifdef HAVE_STRINGS_H
| # include <strings.h>
| #endif
| #ifdef HAVE_INTTYPES_H
| # include <inttypes.h>
| #endif
| #ifdef HAVE_STDINT_H
| # include <stdint.h>
| #endif
| #ifdef HAVE_UNISTD_H
| # include <unistd.h>
| #endif
| #include <vfork.h>
configure:4610: result: no
configure:4614: checking vfork.h presence
configure:4629: gcc -E  conftest.c
conftest.c:34:10: fatal error: vfork.h: No such file or directory
   34 | #include <vfork.h>
      |          ^~~~~~~~~
compilation terminated.
configure:4635: $? = 1
configure: failed program was:
| /* confdefs.h.  */
| #define PACKAGE_NAME "Rogue"
| #define PACKAGE_TARNAME "rogue"
| #define PACKAGE_VERSION "5.4.4"
| #define PACKAGE_STRING "Rogue 5.4.4"
| #define PACKAGE_BUGREPORT "yendor@rogueforge.net"
| #define STDC_HEADERS 1
| #define HAVE_SYS_TYPES_H 1
| #define HAVE_SYS_STAT_H 1
| #define HAVE_STDLIB_H 1
| #define HAVE_STRING_H 1
| #define HAVE_MEMORY_H 1
| #define HAVE_STRINGS_H 1
| #define HAVE_INTTYPES_H 1
| #define HAVE_STDINT_H 1
| #define HAVE_UNISTD_H 1
| #define HAVE_ARPA_INET_H 1
| #define HAVE_SYS_UTSNAME_H 1
| #define HAVE_PWD_H 1
| #define HAVE_FCNTL_H 1
| #define HAVE_LIMITS_H 1
| #define HAVE_STDLIB_H 1
| #define HAVE_STRING_H 1
| #define HAVE_SYS_IOCTL_H 1
| #define HAVE_TERMIOS_H 1
| #define HAVE_UNISTD_H 1
| #define HAVE_UTMP_H 1
| #define HAVE_TERM_H 1
| #define HAVE__BOOL 1
| #define HAVE_STDBOOL_H 1
| #define HAVE_CURSES_H 1
| #define HAVE_ESCDELAY 1
| /* end confdefs.h.  */
| #include <vfork.h>
configure:4649: result: no
configure:4682: checking for vfork.h
configure:4690: result: no
configure:4708: checking for fork
configure:4764: gcc -o conftest -g -O2   conftest.c  -lcurses >&5
conftest.c:57:6: warning: conflicting types for built-in function 'fork'; expected 'int(void)' [-Wbuiltin-declaration-mismatch]
   57 | char fork ();
      |      ^~~~
configure:4770: $? = 0
configure:4788: result: yes
configure:4708: checking for vfork
configure:4764: gcc -o conftest -g -O2   conftest.c  -lcurses >&5
configure:4770: $? = 0
configure:4788: result: yes
configure:4799: checking for working fork
configure:4831: gcc -o conftest -g -O2   conftest.c  -lcurses >&5
configure:4834: $? = 0
configure:4840: ./conftest
configure:4843: $? = 0
configure:4859: result: yes
configure:4880: checking for working vfork
configure:5018: result: yes
configure:5050: checking whether gcc needs -traditional
configure:5092: result: no
configure:5099: checking whether lstat dereferences a symlink specified with a trailing slash
configure:5135: gcc -o conftest -g -O2   conftest.c  -lcurses >&5
configure:5138: $? = 0
configure:5144: ./conftest
configure:5147: $? = 0
configure:5170: result: yes
configure:5189: checking whether lstat accepts an empty string
configure:5219: gcc -o conftest -g -O2   conftest.c  -lcurses >&5
configure:5222: $? = 0
configure:5228: ./conftest
configure:5231: $? = 0
configure:5247: result: no
configure:5263: checking whether lstat dereferences a symlink specified with a trailing slash
configure:5334: result: yes
configure:5353: checking return type of signal handlers
configure:5381: gcc -c -g -O2  conftest.c >&5
conftest.c: In function 'main':
conftest.c:46:10: error: void value not ignored as it ought to be
   46 | return *(signal (0, 0)) (0) == 1;
      |         ~^~~~~~~~~~~~~~~~~~
configure:5387: $? = 1
configure: failed program was:
| /* confdefs.h.  */
| #define PACKAGE_NAME "Rogue"
| #define PACKAGE_TARNAME "rogue"
| #define PACKAGE_VERSION "5.4.4"
| #define PACKAGE_STRING "Rogue 5.4.4"
| #define PACKAGE_BUGREPORT "yendor@rogueforge.net"
| #define STDC_HEADERS 1
| #define HAVE_SYS_TYPES_H 1
| #define HAVE_SYS_STAT_H 1
| #define HAVE_STDLIB_H 1
| #define HAVE_STRING_H 1
| #define HAVE_MEMORY_H 1
| #define HAVE_STRINGS_H 1
| #define HAVE_INTTYPES_H 1
| #define HAVE_STDINT_H 1
| #define HAVE_UNISTD_H 1
| #define HAVE_ARPA_INET_H 1
| #define HAVE_SYS_UTSNAME_H 1
| #define HAVE_PWD_H 1
| #define HAVE_FCNTL_H 1
| #define HAVE_LIMITS_H 1
| #define HAVE_STDLIB_H 1
| #define HAVE_STRING_H 1
| #define HAVE_SYS_IOCTL_H 1
| #define HAVE_TERMIOS_H 1
| #define HAVE_UNISTD_H 1
| #define HAVE_UTMP_H 1
| #define HAVE_TERM_H 1
| #define HAVE__BOOL 1
| #define HAVE_STDBOOL_H 1
| #define HAVE_CURSES_H 1
| #define HAVE_ESCDELAY 1
| #define HAVE_FORK 1
| #define HAVE_VFORK 1
| #define HAVE_WORKING_VFORK 1
| #define HAVE_WORKING_FORK 1
| #define LSTAT_FOLLOWS_SLASHED_SYMLINK 1
| #define LSTAT_FOLLOWS_SLASHED_SYMLINK 1
| /* end confdefs.h.  */
| #include <sys/types.h>
| #include <signal.h>
| 
| int
| main ()
| {
| return *(signal (0, 0)) (0) == 1;
|   ;
|   return 0;
| }
configure:5402: result: void
configure:5410: checking whether stat accepts an empty string
configure:5440: gcc -o conftest -g -O2   conftest.c  -lcurses >&5
configure:5443: $? = 0
configure:5449: ./conftest
configure:5452: $? = 0
configure:5468: result: no
configure:5488: checking for vprintf
configure:5544: gcc -o conftest -g -O2   conftest.c  -lcurses >&5
conftest.c:64:6: warning: conflicting types for built-in function 'vprintf'; expected 'int(const char *, __va_list_tag *)' [-Wbuiltin-declaration-mismatch]
   64 | char vprintf ();
      |      ^~~~~~~
conftest.c:52:1: note: 'vprintf' is declared in header '<stdio.h>'
   51 | # include <limits.h>
   52 | #else
configure:5550: $? = 0
configure:5568: result: yes
configure:5575: checking for _doprnt
configure:5631: gcc -o conftest -g -O2   conftest.c  -lcurses >&5
/usr/bin/ld: /tmp/ccp1Aq5D.o: in function `main':
/home/cormac/devel/rogue/rogue5.4.4/conftest.c:76: undefined reference to `_doprnt'
collect2: error: ld returned 1 exit status
configure:5637: $? = 1
configure: failed program was:
| /* confdefs.h.  */
| #define PACKAGE_NAME "Rogue"
| #define PACKAGE_TARNAME "rogue"
| #define PACKAGE_VERSION "5.4.4"
| #define PACKAGE_STRING "Rogue 5.4.4"
| #define PACKAGE_BUGREPORT "yendor@rogueforge.net"
| #define STDC_HEADERS 1
| #define HAVE_SYS_TYPES_H 1
| #define HAVE_SYS_STAT_H 1
| #define HAVE_STDLIB_H 1
| #define HAVE_STRING_H 1
| #define HAVE_MEMORY_H 1
| #define HAVE_STRINGS_H 1
| #define HAVE_INTTYPES_H 1
| #define HAVE_STDINT_H 1
| #define HAVE_UNISTD_H 1
| #define HAVE_ARPA_INET_H 1
| #define HAVE_SYS_UTSNAME_H 1
| #define HAVE_PWD_H 1
| #define HAVE_FCNTL_H 1
| #define HAVE_LIMITS_H 1
| #define HAVE_STDLIB_H 1
| #define HAVE_STRING_H 1
| #define HAVE_SYS_IOCTL_H 1
| #define HAVE_TERMIOS_H 1
| #define HAVE_UNISTD_H 1
| #define HAVE_UTMP_H 1
| #define HAVE_TERM_H 1
| #define HAVE__BOOL 1
| #define HAVE_STDBOOL_H 1
| #define HAVE_CURSES_H 1
| #define HAVE_ESCDELAY 1
| #define HAVE_FORK 1
| #define HAVE_VFORK 1
| #define HAVE_WORKING_VFORK 1
| #define HAVE_WORKING_FORK 1
| #define LSTAT_FOLLOWS_SLASHED_SYMLINK 1
| #define LSTAT_FOLLOWS_SLASHED_SYMLINK 1
| #define RETSIGTYPE void
| #define HAVE_VPRINTF 1
| /* end confdefs.h.  */
| /* Define _doprnt to an innocuous variant, in case <limits.h> declares _doprnt.
|    For example, HP-UX 11i <limits.h> declares gettimeofday.  */
| #define _doprnt innocuous__doprnt
| 
| /* System header to define __stub macros and hopefully few prototypes,
|     which can conflict with char _doprnt (); below.
|     Prefer <limits.h> to <assert.h> if __STDC__ is defined, since
|     <limits.h> exists even on freestanding compilers.  */
| 
| #ifdef __STDC__
| # include <limits.h>
| #else
| # include <assert.h>
| #endif
| 
| #undef _doprnt
| 
| /* Override any GCC internal prototype to avoid an error.
|    Use char because int might match the return type of a GCC
|    builtin and then its argument prototype would still apply.  */
| #ifdef __cplusplus
| extern "C"
| #endif
| char _doprnt ();
| /* The GNU C library defines this for functions which it implements
|     to always fail with ENOSYS.  Some functions are actually named
|     something starting with __ and the normal name is an alias.  */
| #if defined __stub__doprnt || defined __stub____doprnt
| choke me
| #endif
| 
| int
| main ()
| {
| return _doprnt ();
|   ;
|   return 0;
| }
configure:5654: result: no
configure:5693: checking for erasechar
configure:5749: gcc -o conftest -g -O2   conftest.c  -lcurses >&5
configure:5755: $? = 0
configure:5773: result: yes
configure:5693: checking for killchar
configure:5749: gcc -o conftest -g -O2   conftest.c  -lcurses >&5
configure:5755: $? = 0
configure:5773: result: yes
configure:5693: checking for alarm
configure:5749: gcc -o conftest -g -O2   conftest.c  -lcurses >&5
configure:5755: $? = 0
configure:5773: result: yes
configure:5693: checking for getpass
configure:5749: gcc -o conftest -g -O2   conftest.c  -lcurses >&5
configure:5755: $? = 0
configure:5773: result: yes
configure:5693: checking for memset
configure:5749: gcc -o conftest -g -O2   conftest.c  -lcurses >&5
conftest.c:69:6: warning: conflicting types for built-in function 'memset'; expected 'void *(void *, int,  long unsigned int)' [-Wbuiltin-declaration-mismatch]
   69 | char memset ();
      |      ^~~~~~
conftest.c:57:1: note: 'memset' is declared in header '<string.h>'
   56 | # include <limits.h>
   57 | #else
configure:5755: $? = 0
configure:5773: result: yes
configure:5693: checking for setenv
configure:5749: gcc -o conftest -g -O2   conftest.c  -lcurses >&5
configure:5755: $? = 0
configure:5773: result: yes
configure:5693: checking for strchr
configure:5749: gcc -o conftest -g -O2   conftest.c  -lcurses >&5
conftest.c:71:6: warning: conflicting types for built-in function 'strchr'; expected 'char *(const char *, int)' [-Wbuiltin-declaration-mismatch]
   71 | char strchr ();
      |      ^~~~~~
conftest.c:59:1: note: 'strchr' is declared in header '<string.h>'
   58 | # include <limits.h>
   59 | #else
configure:5755: $? = 0
configure:5773: result: yes
configure:5693: checking for nlist
configure:5749: gcc -o conftest -g -O2   conftest.c  -lcurses >&5
/usr/bin/ld: /tmp/ccD5dMRv.o: in function `main':
/home/cormac/devel/rogue/rogue5.4.4/conftest.c:83: undefined reference to `nlist'
collect2: error: ld returned 1 exit status
configure:5755: $? = 1
configure: failed program was:
| /* confdefs.h.  */
| #define PACKAGE_NAME "Rogue"
| #define PACKAGE_TARNAME "rogue"
| #define PACKAGE_VERSION "5.4.4"
| #define PACKAGE_STRING "Rogue 5.4.4"
| #define PACKAGE_BUGREPORT "yendor@rogueforge.net"
| #define STDC_HEADERS 1
| #define HAVE_SYS_TYPES_H 1
| #define HAVE_SYS_STAT_H 1
| #define HAVE_STDLIB_H 1
| #define HAVE_STRING_H 1
| #define HAVE_MEMORY_H 1
| #define HAVE_STRINGS_H 1
| #define HAVE_INTTYPES_H 1
| #define HAVE_STDINT_H 1
| #define HAVE_UNISTD_H 1
| #define HAVE_ARPA_INET_H 1
| #define HAVE_SYS_UTSNAME_H 1
| #define HAVE_PWD_H 1
| #define HAVE_FCNTL_H 1
| #define HAVE_LIMITS_H 1
| #define HAVE_STDLIB_H 1
| #define HAVE_STRING_H 1
| #define HAVE_SYS_IOCTL_H 1
| #define HAVE_TERMIOS_H 1
| #define HAVE_UNISTD_H 1
| #define HAVE_UTMP_H 1
| #define HAVE_TERM_H 1
| #define HAVE__BOOL 1
| #define HAVE_STDBOOL_H 1
| #define HAVE_CURSES_H 1
| #define HAVE_ESCDELAY 1
| #define HAVE_FORK 1
| #define HAVE_VFORK 1
| #define HAVE_WORKING_VFORK 1
| #define HAVE_WORKING_FORK 1
| #define LSTAT_FOLLOWS_SLASHED_SYMLINK 1
| #define LSTAT_FOLLOWS_SLASHED_SYMLINK 1
| #define RETSIGTYPE void
| #define HAVE_VPRINTF 1
| #define HAVE_ERASECHAR 1
| #define HAVE_KILLCHAR 1
| #define HAVE_ALARM 1
| #define HAVE_GETPASS 1
| #define HAVE_MEMSET 1
| #define HAVE_SETENV 1
| #define HAVE_STRCHR 1
| /* end confdefs.h.  */
| /* Define nlist to an innocuous variant, in case <limits.h> declares nlist.
|    For example, HP-UX 11i <limits.h> declares gettimeofday.  */
| #define nlist innocuous_nlist
| 
| /* System header to define __stub macros and hopefully few prototypes,
|     which can conflict with char nlist (); below.
|     Prefer <limits.h> to <assert.h> if __STDC__ is defined, since
|     <limits.h> exists even on freestanding compilers.  */
| 
| #ifdef __STDC__
| # include <limits.h>
| #else
| # include <assert.h>
| #endif
| 
| #undef nlist
| 
| /* Override any GCC internal prototype to avoid an error.
|    Use char because int might match the return type of a GCC
|    builtin and then its argument prototype would still apply.  */
| #ifdef __cplusplus
| extern "C"
| #endif
| char nlist ();
| /* The GNU C library defines this for functions which it implements
|     to always fail with ENOSYS.  Some functions are actually named
|     something starting with __ and the normal name is an alias.  */
| #if defined __stub_nlist || defined __stub___nlist
| choke me
| #endif
| 
| int
| main ()
| {
| return nlist ();
|   ;
|   return 0;
| }
configure:5773: result: no
configure:5693: checking for _spawnl
configure:5749: gcc -o conftest -g -O2   conftest.c  -lcurses >&5
/usr/bin/ld: /tmp/ccV8BWri.o: in function `main':
/home/cormac/devel/rogue/rogue5.4.4/conftest.c:83: undefined reference to `_spawnl'
collect2: error: ld returned 1 exit status
configure:5755: $? = 1
configure: failed program was:
| /* confdefs.h.  */
| #define PACKAGE_NAME "Rogue"
| #define PACKAGE_TARNAME "rogue"
| #define PACKAGE_VERSION "5.4.4"
| #define PACKAGE_STRING "Rogue 5.4.4"
| #define PACKAGE_BUGREPORT "yendor@rogueforge.net"
| #define STDC_HEADERS 1
| #define HAVE_SYS_TYPES_H 1
| #define HAVE_SYS_STAT_H 1
| #define HAVE_STDLIB_H 1
| #define HAVE_STRING_H 1
| #define HAVE_MEMORY_H 1
| #define HAVE_STRINGS_H 1
| #define HAVE_INTTYPES_H 1
| #define HAVE_STDINT_H 1
| #define HAVE_UNISTD_H 1
| #define HAVE_ARPA_INET_H 1
| #define HAVE_SYS_UTSNAME_H 1
| #define HAVE_PWD_H 1
| #define HAVE_FCNTL_H 1
| #define HAVE_LIMITS_H 1
| #define HAVE_STDLIB_H 1
| #define HAVE_STRING_H 1
| #define HAVE_SYS_IOCTL_H 1
| #define HAVE_TERMIOS_H 1
| #define HAVE_UNISTD_H 1
| #define HAVE_UTMP_H 1
| #define HAVE_TERM_H 1
| #define HAVE__BOOL 1
| #define HAVE_STDBOOL_H 1
| #define HAVE_CURSES_H 1
| #define HAVE_ESCDELAY 1
| #define HAVE_FORK 1
| #define HAVE_VFORK 1
| #define HAVE_WORKING_VFORK 1
| #define HAVE_WORKING_FORK 1
| #define LSTAT_FOLLOWS_SLASHED_SYMLINK 1
| #define LSTAT_FOLLOWS_SLASHED_SYMLINK 1
| #define RETSIGTYPE void
| #define HAVE_VPRINTF 1
| #define HAVE_ERASECHAR 1
| #define HAVE_KILLCHAR 1
| #define HAVE_ALARM 1
| #define HAVE_GETPASS 1
| #define HAVE_MEMSET 1
| #define HAVE_SETENV 1
| #define HAVE_STRCHR 1
| /* end confdefs.h.  */
| /* Define _spawnl to an innocuous variant, in case <limits.h> declares _spawnl.
|    For example, HP-UX 11i <limits.h> declares gettimeofday.  */
| #define _spawnl innocuous__spawnl
| 
| /* System header to define __stub macros and hopefully few prototypes,
|     which can conflict with char _spawnl (); below.
|     Prefer <limits.h> to <assert.h> if __STDC__ is defined, since
|     <limits.h> exists even on freestanding compilers.  */
| 
| #ifdef __STDC__
| # include <limits.h>
| #else
| # include <assert.h>
| #endif
| 
| #undef _spawnl
| 
| /* Override any GCC internal prototype to avoid an error.
|    Use char because int might match the return type of a GCC
|    builtin and then its argument prototype would still apply.  */
| #ifdef __cplusplus
| extern "C"
| #endif
| char _spawnl ();
| /* The GNU C library defines this for functions which it implements
|     to always fail with ENOSYS.  Some functions are actually named
|     something starting with __ and the normal name is an alias.  */
| #if defined __stub__spawnl || defined __stub____spawnl
| choke me
| #endif
| 
| int
| main ()
| {
| return _spawnl ();
|   ;
|   return 0;
| }
configure:5773: result: no
configure:5693: checking for spawnl
configure:5749: gcc -o conftest -g -O2   conftest.c  -lcurses >&5
/usr/bin/ld: /tmp/ccKRBicZ.o: in function `main':
/home/cormac/devel/rogue/rogue5.4.4/conftest.c:83: undefined reference to `spawnl'
collect2: error: ld returned 1 exit status
configure:5755: $? = 1
configure: failed program was:
| /* confdefs.h.  */
| #define PACKAGE_NAME "Rogue"
| #define PACKAGE_TARNAME "rogue"
| #define PACKAGE_VERSION "5.4.4"
| #define PACKAGE_STRING "Rogue 5.4.4"
| #define PACKAGE_BUGREPORT "yendor@rogueforge.net"
| #define STDC_HEADERS 1
| #define HAVE_SYS_TYPES_H 1
| #define HAVE_SYS_STAT_H 1
| #define HAVE_STDLIB_H 1
| #define HAVE_STRING_H 1
| #define HAVE_MEMORY_H 1
| #define HAVE_STRINGS_H 1
| #define HAVE_INTTYPES_H 1
| #define HAVE_STDINT_H 1
| #define HAVE_UNISTD_H 1
| #define HAVE_ARPA_INET_H 1
| #define HAVE_SYS_UTSNAME_H 1
| #define HAVE_PWD_H 1
| #define HAVE_FCNTL_H 1
| #define HAVE_LIMITS_H 1
| #define HAVE_STDLIB_H 1
| #define HAVE_STRING_H 1
| #define HAVE_SYS_IOCTL_H 1
| #define HAVE_TERMIOS_H 1
| #define HAVE_UNISTD_H 1
| #define HAVE_UTMP_H 1
| #define HAVE_TERM_H 1
| #define HAVE__BOOL 1
| #define HAVE_STDBOOL_H 1
| #define HAVE_CURSES_H 1
| #define HAVE_ESCDELAY 1
| #define HAVE_FORK 1
| #define HAVE_VFORK 1
| #define HAVE_WORKING_VFORK 1
| #define HAVE_WORKING_FORK 1
| #define LSTAT_FOLLOWS_SLASHED_SYMLINK 1
| #define LSTAT_FOLLOWS_SLASHED_SYMLINK 1
| #define RETSIGTYPE void
| #define HAVE_VPRINTF 1
| #define HAVE_ERASECHAR 1
| #define HAVE_KILLCHAR 1
| #define HAVE_ALARM 1
| #define HAVE_GETPASS 1
| #define HAVE_MEMSET 1
| #define HAVE_SETENV 1
| #define HAVE_STRCHR 1
| /* end confdefs.h.  */
| /* Define spawnl to an innocuous variant, in case <limits.h> declares spawnl.
|    For example, HP-UX 11i <limits.h> declares gettimeofday.  */
| #define spawnl innocuous_spawnl
| 
| /* System header to define __stub macros and hopefully few prototypes,
|     which can conflict with char spawnl (); below.
|     Prefer <limits.h> to <assert.h> if __STDC__ is defined, since
|     <limits.h> exists even on freestanding compilers.  */
| 
| #ifdef __STDC__
| # include <limits.h>
| #else
| # include <assert.h>
| #endif
| 
| #undef spawnl
| 
| /* Override any GCC internal prototype to avoid an error.
|    Use char because int might match the return type of a GCC
|    builtin and then its argument prototype would still apply.  */
| #ifdef __cplusplus
| extern "C"
| #endif
| char spawnl ();
| /* The GNU C library defines this for functions which it implements
|     to always fail with ENOSYS.  Some functions are actually named
|     something starting with __ and the normal name is an alias.  */
| #if defined __stub_spawnl || defined __stub___spawnl
| choke me
| #endif
| 
| int
| main ()
| {
| return spawnl ();
|   ;
|   return 0;
| }
configure:5773: result: no
configure:5693: checking for getpwuid
configure:5749: gcc -o conftest -g -O2   conftest.c  -lcurses >&5
configure:5755: $? = 0
configure:5773: result: yes
configure:5693: checking for loadav
configure:5749: gcc -o conftest -g -O2   conftest.c  -lcurses >&5
/usr/bin/ld: /tmp/ccOgzCdM.o: in function `main':
/home/cormac/devel/rogue/rogue5.4.4/conftest.c:84: undefined reference to `loadav'
collect2: error: ld returned 1 exit status
configure:5755: $? = 1
configure: failed program was:
| /* confdefs.h.  */
| #define PACKAGE_NAME "Rogue"
| #define PACKAGE_TARNAME "rogue"
| #define PACKAGE_VERSION "5.4.4"
| #define PACKAGE_STRING "Rogue 5.4.4"
| #define PACKAGE_BUGREPORT "yendor@rogueforge.net"
| #define STDC_HEADERS 1
| #define HAVE_SYS_TYPES_H 1
| #define HAVE_SYS_STAT_H 1
| #define HAVE_STDLIB_H 1
| #define HAVE_STRING_H 1
| #define HAVE_MEMORY_H 1
| #define HAVE_STRINGS_H 1
| #define HAVE_INTTYPES_H 1
| #define HAVE_STDINT_H 1
| #define HAVE_UNISTD_H 1
| #define HAVE_ARPA_INET_H 1
| #define HAVE_SYS_UTSNAME_H 1
| #define HAVE_PWD_H 1
| #define HAVE_FCNTL_H 1
| #define HAVE_LIMITS_H 1
| #define HAVE_STDLIB_H 1
| #define HAVE_STRING_H 1
| #define HAVE_SYS_IOCTL_H 1
| #define HAVE_TERMIOS_H 1
| #define HAVE_UNISTD_H 1
| #define HAVE_UTMP_H 1
| #define HAVE_TERM_H 1
| #define HAVE__BOOL 1
| #define HAVE_STDBOOL_H 1
| #define HAVE_CURSES_H 1
| #define HAVE_ESCDELAY 1
| #define HAVE_FORK 1
| #define HAVE_VFORK 1
| #define HAVE_WORKING_VFORK 1
| #define HAVE_WORKING_FORK 1
| #define LSTAT_FOLLOWS_SLASHED_SYMLINK 1
| #define LSTAT_FOLLOWS_SLASHED_SYMLINK 1
| #define RETSIGTYPE void
| #define HAVE_VPRINTF 1
| #define HAVE_ERASECHAR 1
| #define HAVE_KILLCHAR 1
| #define HAVE_ALARM 1
| #define HAVE_GETPASS 1
| #define HAVE_MEMSET 1
| #define HAVE_SETENV 1
| #define HAVE_STRCHR 1
| #define HAVE_GETPWUID 1
| /* end confdefs.h.  */
| /* Define loadav to an innocuous variant, in case <limits.h> declares loadav.
|    For example, HP-UX 11i <limits.h> declares gettimeofday.  */
| #define loadav innocuous_loadav
| 
| /* System header to define __stub macros and hopefully few prototypes,
|     which can conflict with char loadav (); below.
|     Prefer <limits.h> to <assert.h> if __STDC__ is defined, since
|     <limits.h> exists even on freestanding compilers.  */
| 
| #ifdef __STDC__
| # include <limits.h>
| #else
| # include <assert.h>
| #endif
| 
| #undef loadav
| 
| /* Override any GCC internal prototype to avoid an error.
|    Use char because int might match the return type of a GCC
|    builtin and then its argument prototype would still apply.  */
| #ifdef __cplusplus
| extern "C"
| #endif
| char loadav ();
| /* The GNU C library defines this for functions which it implements
|     to always fail with ENOSYS.  Some functions are actually named
|     something starting with __ and the normal name is an alias.  */
| #if defined __stub_loadav || defined __stub___loadav
| choke me
| #endif
| 
| int
| main ()
| {
| return loadav ();
|   ;
|   return 0;
| }
configure:5773: result: no
configure:5693: checking for getloadavg
configure:5749: gcc -o conftest -g -O2   conftest.c  -lcurses >&5
configure:5755: $? = 0
configure:5773: result: yes
configure:5693: checking for strerror
configure:5749: gcc -o conftest -g -O2   conftest.c  -lcurses >&5
configure:5755: $? = 0
configure:5773: result: yes
configure:5693: checking for setresgid
configure:5749: gcc -o conftest -g -O2   conftest.c  -lcurses >&5
configure:5755: $? = 0
configure:5773: result: yes
configure:5693: checking for setregid
configure:5749: gcc -o conftest -g -O2   conftest.c  -lcurses >&5
configure:5755: $? = 0
configure:5773: result: yes
configure:5693: checking for setgid
configure:5749: gcc -o conftest -g -O2   conftest.c  -lcurses >&5
configure:5755: $? = 0
configure:5773: result: yes
configure:5693: checking for setresuid
configure:5749: gcc -o conftest -g -O2   conftest.c  -lcurses >&5
configure:5755: $? = 0
configure:5773: result: yes
configure:5693: checking for setreuid
configure:5749: gcc -o conftest -g -O2   conftest.c  -lcurses >&5
configure:5755: $? = 0
configure:5773: result: yes
configure:5693: checking for setuid
configure:5749: gcc -o conftest -g -O2   conftest.c  -lcurses >&5
configure:5755: $? = 0
configure:5773: result: yes
configure:5693: checking for getuid
configure:5749: gcc -o conftest -g -O2   conftest.c  -lcurses >&5
configure:5755: $? = 0
configure:5773: result: yes
configure:5693: checking for getgid
configure:5749: gcc -o conftest -g -O2   conftest.c  -lcurses >&5
configure:5755: $? = 0
configure:5773: result: yes
configure:5786: checking for nroff
configure:5802: found /usr/bin/nroff
configure:5813: result: nroff
configure:5823: checking for groff
configure:5839: found /usr/bin/groff
configure:5850: result: groff
configure:5860: checking for colcrt
configure:5876: found /usr/bin/colcrt
configure:5887: result: colcrt
configure:5897: checking for tbl
configure:5913: found /usr/bin/tbl
configure:5924: result: tbl
configure:5934: checking for sed
configure:5950: found /bin/sed
configure:5961: result: sed
configure:5986: checking if using setgid execute bit
configure:6007: result: no
configure:6018: checking for scoreboard file
configure:6036: result: rogue.scr
configure:6050: checking for scoreboard lockfile file
configure:6068: result: rogue.lck
configure:6082: checking if wizard mode is enabled
configure:6088: result: no
configure:6114: checking if allscores is enabled
configure:6122: result: yes
configure:6134: checking if checktime is enabled
configure:6145: result: no
configure:6154: checking runtime execution limit (maximum system load average)
configure:6165: result: unlimited
configure:6185: checking runtime execution limit (maximum online system users)
configure:6196: result: unlimited
configure:6216: checking what the number of scores to store in scoreboard is
configure:6232: result: 10
configure:6257: checking word for the number of scores to store in scoreboard is
configure:6273: result: Ten
configure:6298: checking whether to use program's built in load average function
configure:6314: result: no
configure:6339: checking whether to use program's built in user counting function
configure:6355: result: no
configure:6378: checking whether to docdir is defined
configure:6386: result: docdir defined
configure:6482: creating ./config.status

## ---------------------- ##
## Running config.status. ##
## ---------------------- ##

This file was extended by Rogue config.status 5.4.4, which was
generated by GNU Autoconf 2.61.  Invocation command line was

  CONFIG_FILES    = 
  CONFIG_HEADERS  = 
  CONFIG_LINKS    = 
  CONFIG_COMMANDS = 
  $ ./config.status 

on cormac-ThinkPad-X1-Carbon-6th

config.status:618: creating Makefile
config.status:618: creating rogue.6
config.status:618: creating rogue.cat
config.status:618: creating rogue.doc
config.status:618: creating rogue.html
config.status:618: creating rogue.me
config.status:618: creating config.h
config.status:885: config.h is unchanged

## ---------------- ##
## Cache variables. ##
## ---------------- ##

ac_cv_build=x86_64-unknown-linux-gnu
ac_cv_c_compiler_gnu=yes
ac_cv_c_const=yes
ac_cv_env_CC_set=
ac_cv_env_CC_value=
ac_cv_env_CFLAGS_set=
ac_cv_env_CFLAGS_value=
ac_cv_env_CPPFLAGS_set=
ac_cv_env_CPPFLAGS_value=
ac_cv_env_CPP_set=
ac_cv_env_CPP_value=
ac_cv_env_LDFLAGS_set=
ac_cv_env_LDFLAGS_value=
ac_cv_env_LIBS_set=
ac_cv_env_LIBS_value=
ac_cv_env_build_alias_set=
ac_cv_env_build_alias_value=
ac_cv_env_host_alias_set=
ac_cv_env_host_alias_value=
ac_cv_env_target_alias_set=
ac_cv_env_target_alias_value=
ac_cv_func__doprnt=no
ac_cv_func__spawnl=no
ac_cv_func_alarm=yes
ac_cv_func_erasechar=yes
ac_cv_func_fork=yes
ac_cv_func_fork_works=yes
ac_cv_func_getgid=yes
ac_cv_func_getloadavg=yes
ac_cv_func_getpass=yes
ac_cv_func_getpwuid=yes
ac_cv_func_getuid=yes
ac_cv_func_killchar=yes
ac_cv_func_loadav=no
ac_cv_func_lstat_dereferences_slashed_symlink=yes
ac_cv_func_lstat_empty_string_bug=no
ac_cv_func_memset=yes
ac_cv_func_nlist=no
ac_cv_func_setenv=yes
ac_cv_func_setgid=yes
ac_cv_func_setregid=yes
ac_cv_func_setresgid=yes
ac_cv_func_setresuid=yes
ac_cv_func_setreuid=yes
ac_cv_func_setuid=yes
ac_cv_func_spawnl=no
ac_cv_func_stat_empty_string_bug=no
ac_cv_func_strchr=yes
ac_cv_func_strerror=yes
ac_cv_func_vfork=yes
ac_cv_func_vfork_works=yes
ac_cv_func_vprintf=yes
ac_cv_header_arpa_inet_h=yes
ac_cv_header_fcntl_h=yes
ac_cv_header_inttypes_h=yes
ac_cv_header_limits_h=yes
ac_cv_header_memory_h=yes
ac_cv_header_ncurses_term_h=no
ac_cv_header_nlist_h=no
ac_cv_header_process_h=no
ac_cv_header_pwd_h=yes
ac_cv_header_stdbool_h=yes
ac_cv_header_stdc=yes
ac_cv_header_stdint_h=yes
ac_cv_header_stdlib_h=yes
ac_cv_header_string_h=yes
ac_cv_header_strings_h=yes
ac_cv_header_sys_ioctl_h=yes
ac_cv_header_sys_stat_h=yes
ac_cv_header_sys_types_h=yes
ac_cv_header_sys_utsname_h=yes
ac_cv_header_term_h=yes
ac_cv_header_termios_h=yes
ac_cv_header_unistd_h=yes
ac_cv_header_utmp_h=yes
ac_cv_header_vfork_h=no
ac_cv_host=x86_64-unknown-linux-gnu
ac_cv_objext=o
ac_cv_path_EGREP='/bin/grep -E'
ac_cv_path_GREP=/bin/grep
ac_cv_prog_COLCRT=colcrt
ac_cv_prog_CPP='gcc -E'
ac_cv_prog_GROFF=groff
ac_cv_prog_NROFF=nroff
ac_cv_prog_SED=sed
ac_cv_prog_TBL=tbl
ac_cv_prog_ac_ct_CC=gcc
ac_cv_prog_cc_c89=
ac_cv_prog_cc_g=yes
ac_cv_prog_gcc_traditional=no
ac_cv_struct_tm=time.h
ac_cv_target=x86_64-unknown-linux-gnu
ac_cv_type__Bool=yes
ac_cv_type_pid_t=yes
ac_cv_type_signal=void
ac_cv_type_size_t=yes
ac_cv_type_uid_t=yes
mc_cv_ncurses_escdelay=yes
mp_cv_curses=yes

## ----------------- ##
## Output variables. ##
## ----------------- ##

CC='gcc'
CFLAGS='-g -O2'
COLCRT='colcrt'
CPP='gcc -E'
CPPFLAGS=''
DEFS='-DHAVE_CONFIG_H'
ECHO_C=''
ECHO_N='-n'
ECHO_T=''
EGREP='/bin/grep -E'
EXEEXT=''
GREP='/bin/grep'
GROFF='groff'
GROUPOWNER=''
LDFLAGS=''
LIBOBJS=''
LIBS=' -lcurses'
LOCKFILE='rogue.lck'
LTLIBOBJS=''
NROFF='nroff'
OBJEXT='o'
PACKAGE_BUGREPORT='yendor@rogueforge.net'
PACKAGE_NAME='Rogue'
PACKAGE_STRING='Rogue 5.4.4'
PACKAGE_TARNAME='rogue'
PACKAGE_VERSION='5.4.4'
PATH_SEPARATOR=':'
PROGRAM='rogue'
SCOREFILE='rogue.scr'
SED='sed'
SHELL='/bin/bash'
TARGET='x86_64-unknown-linux-gnu'
TBL='tbl'
ac_ct_CC='gcc'
bindir='${exec_prefix}/bin'
build='x86_64-unknown-linux-gnu'
build_alias=''
build_cpu='x86_64'
build_os='linux-gnu'
build_vendor='unknown'
datadir='${datarootdir}'
datarootdir='${prefix}/share'
docdir='${datarootdir}/doc/${PACKAGE_TARNAME}'
dvidir='${docdir}'
exec_prefix='${prefix}'
host='x86_64-unknown-linux-gnu'
host_alias=''
host_cpu='x86_64'
host_os='linux-gnu'
host_vendor='unknown'
htmldir='${docdir}'
includedir='${prefix}/include'
infodir='${datarootdir}/info'
libdir='${exec_prefix}/lib'
libexecdir='${exec_prefix}/libexec'
localedir='${datarootdir}/locale'
localstatedir='${prefix}/var'
mandir='${datarootdir}/man'
oldincludedir='/usr/include'
pdfdir='${docdir}'
prefix='/usr/local'
program_transform_name='s,x,x,'
psdir='${docdir}'
sbindir='${exec_prefix}/sbin'
sharedstatedir='${prefix}/com'
sysconfdir='${prefix}/etc'
target='x86_64-unknown-linux-gnu'
target_alias=''
target_cpu='x86_64'
target_os='linux-gnu'
target_vendor='unknown'

## ----------- ##
## confdefs.h. ##
## ----------- ##

#define PACKAGE_NAME "Rogue"
#define PACKAGE_TARNAME "rogue"
#define PACKAGE_VERSION "5.4.4"
#define PACKAGE_STRING "Rogue 5.4.4"
#define PACKAGE_BUGREPORT "yendor@rogueforge.net"
#define STDC_HEADERS 1
#define HAVE_SYS_TYPES_H 1
#define HAVE_SYS_STAT_H 1
#define HAVE_STDLIB_H 1
#define HAVE_STRING_H 1
#define HAVE_MEMORY_H 1
#define HAVE_STRINGS_H 1
#define HAVE_INTTYPES_H 1
#define HAVE_STDINT_H 1
#define HAVE_UNISTD_H 1
#define HAVE_ARPA_INET_H 1
#define HAVE_SYS_UTSNAME_H 1
#define HAVE_PWD_H 1
#define HAVE_FCNTL_H 1
#define HAVE_LIMITS_H 1
#define HAVE_STDLIB_H 1
#define HAVE_STRING_H 1
#define HAVE_SYS_IOCTL_H 1
#define HAVE_TERMIOS_H 1
#define HAVE_UNISTD_H 1
#define HAVE_UTMP_H 1
#define HAVE_TERM_H 1
#define HAVE__BOOL 1
#define HAVE_STDBOOL_H 1
#define HAVE_CURSES_H 1
#define HAVE_ESCDELAY 1
#define HAVE_FORK 1
#define HAVE_VFORK 1
#define HAVE_WORKING_VFORK 1
#define HAVE_WORKING_FORK 1
#define LSTAT_FOLLOWS_SLASHED_SYMLINK 1
#define LSTAT_FOLLOWS_SLASHED_SYMLINK 1
#define RETSIGTYPE void
#define HAVE_VPRINTF 1
#define HAVE_ERASECHAR 1
#define HAVE_KILLCHAR 1
#define HAVE_ALARM 1
#define HAVE_GETPASS 1
#define HAVE_MEMSET 1
#define HAVE_SETENV 1
#define HAVE_STRCHR 1
#define HAVE_GETPWUID 1
#define HAVE_GETLOADAVG 1
#define HAVE_STRERROR 1
#define HAVE_SETRESGID 1
#define HAVE_SETREGID 1
#define HAVE_SETGID 1
#define HAVE_SETRESUID 1
#define HAVE_SETREUID 1
#define HAVE_SETUID 1
#define HAVE_GETUID 1
#define HAVE_GETGID 1
#define SCOREFILE "rogue.scr"
#define LOCKFILE "rogue.lck"
#define ALLSCORES 1
#define NUMSCORES 10
#define NUMNAME "Ten"

configure: exit 0
